================================================================================
HLS.ipynb - Log de Processamento
Data/Hora: 2025-10-02T16:20:48.279212
================================================================================

📋 CONFIGURAÇÕES:
  - Período de análise: 2022-06-01 a 2022-09-30
  - Cobertura máxima de nuvens: 50%
  - Buffer mata ciliar: 200m
  - Threshold crítico: 0.2
  - Threshold moderado: 0.4
  - Distância mínima entre pontos: 100m

🛰️ DADOS HLS PROCESSADOS:
  1. hls2-l30
     Data: 2022-06-11
     Nuvens: 0.0%
     NDVI médio: 0.820
     Pixels válidos: 284,241
  2. hls2-s30
     Data: 2022-09-24
     Nuvens: 0.0%
     NDVI médio: 0.783
     Pixels válidos: 284,540
  3. hls2-s30
     Data: 2022-06-11
     Nuvens: 0.0%
     NDVI médio: 0.816
     Pixels válidos: 284,336

🌊 ANÁLISE DE DEGRADAÇÃO:
  - Status geral: healthy
  - NDVI médio: 0.761
  - NDVI mín/máx: -0.161 / 0.960
  - Pixels críticos: 64 (0.2%)
  - Pixels moderados: 605 (1.8%)
  - Pixels saudáveis: 32,414 (98.0%)

📍 PONTOS CRÍTICOS GERADOS:
  - Críticos: 7
  - Moderados: 50
  - Regulares: 50
  - Água/Solo: 0
  - Total: 107

💾 ARQUIVOS GERADOS:
  - GeoJSON: critical_points_mata_ciliar.geojson
  - GeoTIFF: ndvi_mata_ciliar_wgs84_normalized.geotiff
  - Log: processamento_notebook.log

================================================================================
Processamento concluído com sucesso!
================================================================================