================================================================================
HLS Analysis - Processing Log
Date/Time: 2025-10-05T05:07:58.967234
================================================================================

📋 CONFIGURATIONS:
  - Analysis period: 2022-06-01 to 2022-09-30
  - Maximum cloud coverage: 50%
  - Riparian forest buffer: 200m
  - Critical threshold: 0.2
  - Moderate threshold: 0.5
  - Minimum distance between points: 100m

🛰️ PROCESSED HLS DATA:
  1. hls2-l30
     Date: 2025-08-30
     Clouds: 0.0%
     Average NDVI: 0.754
     Valid pixels: 969,943
  2. hls2-s30
     Date: 2025-09-13
     Clouds: 0.0%
     Average NDVI: 0.753
     Valid pixels: 970,197
  3. hls2-s30
     Date: 2025-06-25
     Clouds: 0.0%
     Average NDVI: 0.814
     Valid pixels: 964,578

🌊 DEGRADATION ANALYSIS:
  - Overall status: healthy
  - Average NDVI: 0.708
  - NDVI min/max: -0.472 / 0.965
  - Critical pixels: 1,147 (2.3%)
  - Moderate pixels: 6,798 (13.7%)
  - Healthy pixels: 41,786 (84.0%)

📍 CRITICAL POINTS GENERATED:
  - Critical: 50
  - Moderate: 0
  - Regular: 0
  - Water/Soil: 0
  - Total: 50

💾 GENERATED FILES:
  - GeoJSON: critical_points_mata_ciliar.geojson
  - GeoTIFF: ndvi_mata_ciliar_wgs84_normalized.geotiff
  - Log: processamento_notebook.log

================================================================================
Processing completed successfully!
================================================================================