================================================================================
HLS Analysis - Log de Processamento
Data/Hora: 2025-10-02T23:20:30.912633
================================================================================

📋 CONFIGURAÇÕES:
  - Período de análise: 2022-06-01 a 2022-09-30
  - Cobertura máxima de nuvens: 50%
  - Buffer mata ciliar: 200m
  - Threshold crítico: 0.2
  - Threshold moderado: 0.5
  - Distância mínima entre pontos: 100m

🛰️ DADOS HLS PROCESSADOS:
  1. hls2-l30
     Data: 2022-06-11
     Nuvens: 0.0%
     NDVI médio: 0.820
     Pixels válidos: 269,260
  2. hls2-s30
     Data: 2022-09-24
     Nuvens: 0.0%
     NDVI médio: 0.783
     Pixels válidos: 269,538
  3. hls2-s30
     Data: 2022-06-11
     Nuvens: 0.0%
     NDVI médio: 0.816
     Pixels válidos: 269,334

🌊 ANÁLISE DE DEGRADAÇÃO:
  - Status geral: healthy
  - NDVI médio: 0.725
  - NDVI mín/máx: -0.161 / 0.916
  - Pixels críticos: 27 (1.1%)
  - Pixels moderados: 170 (7.2%)
  - Pixels saudáveis: 2,154 (91.6%)

📍 PONTOS CRÍTICOS GERADOS:
  - Críticos: 1
  - Moderados: 11
  - Regulares: 12
  - Água/Solo: 0
  - Total: 24

💾 ARQUIVOS GERADOS:
  - GeoJSON: critical_points_mata_ciliar.geojson
  - GeoTIFF: ndvi_mata_ciliar_wgs84_normalized.geotiff
  - Log: processamento_notebook.log

================================================================================
Processamento concluído com sucesso!
================================================================================